log2c=5 log2g=-7 rate=44.3035
log2c=-1 log2g=-7 rate=44.3138
log2c=5 log2g=-1 rate=33.7156
log2c=-1 log2g=-1 rate=33.1048
log2c=11 log2g=-7 rate=44.7548
log2c=11 log2g=-1 rate=33.7156
log2c=5 log2g=-13 rate=61.2699
log2c=-1 log2g=-13 rate=63.5652
log2c=11 log2g=-13 rate=63.1145
log2c=-3 log2g=-7 rate=43.8608
log2c=-3 log2g=-1 rate=33.1048
log2c=-3 log2g=-13 rate=52.5554
log2c=5 log2g=1 rate=19.1748
log2c=-1 log2g=1 rate=19.1748
log2c=11 log2g=1 rate=19.1748
log2c=-3 log2g=1 rate=19.1748
log2c=9 log2g=-7 rate=44.305
log2c=9 log2g=-1 rate=33.7156
log2c=9 log2g=-13 rate=58.2106
log2c=9 log2g=1 rate=19.1748
log2c=5 log2g=-11 rate=56.9138
log2c=-1 log2g=-11 rate=57.4171
log2c=11 log2g=-11 rate=58.7077
log2c=-3 log2g=-11 rate=56.042
log2c=9 log2g=-11 rate=58.1982
log2c=3 log2g=-7 rate=43.8549
log2c=3 log2g=-1 rate=33.1081
log2c=3 log2g=-13 rate=61.7107
log2c=3 log2g=1 rate=19.1748
log2c=3 log2g=-11 rate=57.1485
log2c=5 log2g=-5 rate=43.4667
log2c=-1 log2g=-5 rate=43.0047
log2c=11 log2g=-5 rate=44.8295
log2c=-3 log2g=-5 rate=43.0061
log2c=9 log2g=-5 rate=43.9296
log2c=3 log2g=-5 rate=43.4652
log2c=15 log2g=-7 rate=44.7563
log2c=15 log2g=-1 rate=33.7156
log2c=15 log2g=-13 rate=62.9007
log2c=15 log2g=1 rate=19.1748
log2c=15 log2g=-11 rate=58.0877
log2c=15 log2g=-5 rate=44.8295
log2c=5 log2g=-15 rate=58.0147
log2c=-1 log2g=-15 rate=60.222
log2c=11 log2g=-15 rate=61.3706
log2c=-3 log2g=-15 rate=57.8001
log2c=9 log2g=-15 rate=50.7644
log2c=3 log2g=-15 rate=55.779
log2c=15 log2g=-15 rate=61.9784
log2c=-5 log2g=-7 rate=43.871
log2c=-5 log2g=-1 rate=33.107
log2c=-5 log2g=-13 rate=61.8242
log2c=-5 log2g=1 rate=19.1741
log2c=-5 log2g=-11 rate=55.2705
log2c=-5 log2g=-5 rate=43.0061
log2c=-5 log2g=-15 rate=61.366
log2c=5 log2g=3 rate=0.0
log2c=-1 log2g=3 rate=0.0
log2c=11 log2g=3 rate=0.0
log2c=-3 log2g=3 rate=0.0
log2c=9 log2g=3 rate=0.0
log2c=3 log2g=3 rate=0.0
log2c=15 log2g=3 rate=0.0
log2c=-5 log2g=3 rate=0.0
log2c=7 log2g=-7 rate=44.3064
log2c=7 log2g=-1 rate=33.7156
log2c=7 log2g=-13 rate=62.8874
log2c=7 log2g=1 rate=19.1748
log2c=7 log2g=-11 rate=60.0922
log2c=7 log2g=-5 rate=43.4681
log2c=7 log2g=-15 rate=55.1014
log2c=7 log2g=3 rate=0.0
log2c=5 log2g=-9 rate=45.1729
log2c=-1 log2g=-9 rate=45.9684
log2c=11 log2g=-9 rate=45.6273
log2c=-3 log2g=-9 rate=44.2234
log2c=9 log2g=-9 rate=46.0517
log2c=3 log2g=-9 rate=46.0239
log2c=15 log2g=-9 rate=45.5709
log2c=-5 log2g=-9 rate=43.7728
log2c=7 log2g=-9 rate=46.481
log2c=1 log2g=-7 rate=43.8623
log2c=1 log2g=-1 rate=33.107
log2c=1 log2g=-13 rate=63.1906
log2c=1 log2g=1 rate=19.1748
log2c=1 log2g=-11 rate=58.2514
log2c=1 log2g=-5 rate=43.9252
log2c=1 log2g=-15 rate=55.8379
log2c=1 log2g=3 rate=0.0
log2c=1 log2g=-9 rate=45.5433
log2c=5 log2g=-3 rate=41.2031
log2c=-1 log2g=-3 rate=41.6893
log2c=11 log2g=-3 rate=41.2017
log2c=-3 log2g=-3 rate=41.6921
log2c=9 log2g=-3 rate=41.2031
log2c=3 log2g=-3 rate=41.2017
log2c=15 log2g=-3 rate=41.2017
log2c=-5 log2g=-3 rate=41.699
log2c=7 log2g=-3 rate=41.2044
log2c=1 log2g=-3 rate=41.6893
log2c=13 log2g=-7 rate=44.3064
log2c=13 log2g=-1 rate=33.7156
log2c=13 log2g=-13 rate=64.3244
log2c=13 log2g=1 rate=19.1748
log2c=13 log2g=-11 rate=60.4438
log2c=13 log2g=-5 rate=44.8295
log2c=13 log2g=-15 rate=61.2781
log2c=13 log2g=3 rate=0.0
log2c=13 log2g=-9 rate=45.1729
log2c=13 log2g=-3 rate=41.2017

best:
c = 8192, g = 0.000122, rate = 64.3244
