log2c=5 log2g=-7 rate=44.3901
log2c=-1 log2g=-7 rate=44.8616
log2c=5 log2g=-1 rate=31.9835
log2c=-1 log2g=-1 rate=32.6431
log2c=11 log2g=-7 rate=44.3936
log2c=11 log2g=-1 rate=31.9835
log2c=5 log2g=-13 rate=52.6694
log2c=-1 log2g=-13 rate=52.8403
log2c=11 log2g=-13 rate=55.5754
log2c=-3 log2g=-7 rate=44.8776
log2c=-3 log2g=-1 rate=32.6456
log2c=-3 log2g=-13 rate=58.9018
log2c=5 log2g=1 rate=17.3222
log2c=-1 log2g=1 rate=17.3228
log2c=11 log2g=1 rate=17.3222
log2c=-3 log2g=1 rate=17.3228
log2c=9 log2g=-7 rate=44.3919
log2c=9 log2g=-1 rate=31.9835
log2c=9 log2g=-13 rate=51.0452
log2c=9 log2g=1 rate=17.3222
log2c=5 log2g=-11 rate=45.6723
log2c=-1 log2g=-11 rate=45.7123
log2c=11 log2g=-11 rate=46.9869
log2c=-3 log2g=-11 rate=43.8474
log2c=9 log2g=-11 rate=46.5378
log2c=3 log2g=-7 rate=44.3901
log2c=3 log2g=-1 rate=31.9835
log2c=3 log2g=-13 rate=56.0575
log2c=3 log2g=1 rate=17.3222
log2c=3 log2g=-11 rate=43.8352
log2c=5 log2g=-5 rate=43.5608
log2c=-1 log2g=-5 rate=43.5642
log2c=11 log2g=-5 rate=43.5728
log2c=-3 log2g=-5 rate=43.5625
log2c=9 log2g=-5 rate=43.5694
log2c=3 log2g=-5 rate=43.5608
log2c=15 log2g=-7 rate=42.4508
log2c=15 log2g=-1 rate=31.9835
log2c=15 log2g=-13 rate=54.4398
log2c=15 log2g=1 rate=17.3222
log2c=15 log2g=-11 rate=47.8557
log2c=15 log2g=-5 rate=43.5763
log2c=5 log2g=-15 rate=56.0809
log2c=-1 log2g=-15 rate=55.1487
log2c=11 log2g=-15 rate=49.806
log2c=-3 log2g=-15 rate=49.9601
log2c=9 log2g=-15 rate=50.8521
log2c=3 log2g=-15 rate=57.7422
log2c=15 log2g=-15 rate=56.4908
log2c=-5 log2g=-7 rate=44.8705
log2c=-5 log2g=-1 rate=32.6456
log2c=-5 log2g=-13 rate=60.6855
log2c=-5 log2g=1 rate=17.3228
log2c=-5 log2g=-11 rate=44.7869
log2c=-5 log2g=-5 rate=43.086
log2c=-5 log2g=-15 rate=52.3575
log2c=5 log2g=3 rate=0.0
log2c=-1 log2g=3 rate=0.0
log2c=11 log2g=3 rate=0.0
log2c=-3 log2g=3 rate=0.0
log2c=9 log2g=3 rate=0.0
log2c=3 log2g=3 rate=0.0
log2c=15 log2g=3 rate=0.0
log2c=-5 log2g=3 rate=0.0
log2c=7 log2g=-7 rate=44.3901
log2c=7 log2g=-1 rate=31.9835
log2c=7 log2g=-13 rate=59.8404
log2c=7 log2g=1 rate=17.3222
log2c=7 log2g=-11 rate=46.1176
log2c=7 log2g=-5 rate=43.5625
log2c=7 log2g=-15 rate=53.6751
log2c=7 log2g=3 rate=0.0
log2c=5 log2g=-9 rate=44.3303
log2c=-1 log2g=-9 rate=44.8474
log2c=11 log2g=-9 rate=45.2672
log2c=-3 log2g=-9 rate=44.369
log2c=9 log2g=-9 rate=45.2672
log2c=3 log2g=-9 rate=45.7486
log2c=15 log2g=-9 rate=45.2798
log2c=-5 log2g=-9 rate=45.7704
log2c=7 log2g=-9 rate=45.2672
log2c=1 log2g=-7 rate=44.3866
log2c=1 log2g=-1 rate=32.6431
log2c=1 log2g=-13 rate=58.4525
log2c=1 log2g=1 rate=17.3222
log2c=1 log2g=-11 rate=46.612
log2c=1 log2g=-5 rate=43.5608
log2c=1 log2g=-15 rate=53.0062
log2c=1 log2g=3 rate=0.0
log2c=1 log2g=-9 rate=45.3122
log2c=5 log2g=-3 rate=41.202
log2c=-1 log2g=-3 rate=41.2004
log2c=11 log2g=-3 rate=40.6837
log2c=-3 log2g=-3 rate=41.2004
log2c=9 log2g=-3 rate=40.6837
log2c=3 log2g=-3 rate=40.6821
log2c=15 log2g=-3 rate=40.6837
log2c=-5 log2g=-3 rate=41.2004
log2c=7 log2g=-3 rate=40.6837
log2c=1 log2g=-3 rate=41.2004
log2c=13 log2g=-7 rate=43.4336
log2c=13 log2g=-1 rate=31.9835
log2c=13 log2g=-13 rate=54.3106
log2c=13 log2g=1 rate=17.3222
log2c=13 log2g=-11 rate=47.8729
log2c=13 log2g=-5 rate=43.5763
log2c=13 log2g=-15 rate=58.3617
log2c=13 log2g=3 rate=0.0
log2c=13 log2g=-9 rate=45.2744
log2c=13 log2g=-3 rate=40.6837

best:
c = 0.03125, g = 0.0001220703125, rate = 60.6855

second: 
c = 128, g = 0.0001220703125, rate = 59.8404
