log2c=5 log2g=-7 rate=39.221
log2c=-1 log2g=-7 rate=39.221
log2c=5 log2g=-1 rate=26.1545
log2c=-1 log2g=-1 rate=26.1558
log2c=11 log2g=-7 rate=39.827
log2c=11 log2g=-1 rate=26.1545
log2c=5 log2g=-13 rate=50.3946
log2c=-1 log2g=-13 rate=48.5042
log2c=11 log2g=-13 rate=48.0616
log2c=-3 log2g=-7 rate=39.2147
log2c=-3 log2g=-1 rate=26.1558
log2c=-3 log2g=-13 rate=46.6927
log2c=5 log2g=1 rate=7.01566
log2c=-1 log2g=1 rate=7.01566
log2c=11 log2g=1 rate=7.01566
log2c=-3 log2g=1 rate=7.01566
log2c=9 log2g=-7 rate=39.2104
log2c=9 log2g=-1 rate=26.1545
log2c=9 log2g=-13 rate=54.0786
log2c=9 log2g=1 rate=7.01566
log2c=5 log2g=-11 rate=42.0645
log2c=-1 log2g=-11 rate=41.4831
log2c=11 log2g=-11 rate=42.6615
log2c=-3 log2g=-11 rate=40.9118
log2c=9 log2g=-11 rate=43.2122
log2c=3 log2g=-7 rate=39.2231
log2c=3 log2g=-1 rate=26.1558
log2c=3 log2g=-13 rate=50.9019
log2c=3 log2g=1 rate=7.01566
log2c=3 log2g=-11 rate=41.4899
log2c=5 log2g=-5 rate=36.7968
log2c=-1 log2g=-5 rate=36.7987
log2c=11 log2g=-5 rate=38.695
log2c=-3 log2g=-5 rate=36.7948
log2c=9 log2g=-5 rate=38.0699
log2c=3 log2g=-5 rate=36.7987
log2c=15 log2g=-7 rate=39.8076
log2c=15 log2g=-1 rate=26.1545
log2c=15 log2g=-13 rate=48.7612
log2c=15 log2g=1 rate=7.01566
log2c=15 log2g=-11 rate=43.2169
log2c=15 log2g=-5 rate=38.695
log2c=5 log2g=-15 rate=47.7196
log2c=-1 log2g=-15 rate=43.7468
log2c=11 log2g=-15 rate=43.9786
log2c=-3 log2g=-15 rate=44.5601
log2c=9 log2g=-15 rate=47.3252
log2c=3 log2g=-15 rate=46.8321
log2c=15 log2g=-15 rate=46.1828
log2c=-5 log2g=-7 rate=38.595
log2c=-5 log2g=-1 rate=26.1572
log2c=-5 log2g=-13 rate=51.9048
log2c=-5 log2g=1 rate=7.01566
log2c=-5 log2g=-11 rate=40.3034
log2c=-5 log2g=-5 rate=36.7948
log2c=-5 log2g=-15 rate=43.256
log2c=5 log2g=3 rate=0.0
log2c=-1 log2g=3 rate=0.0
log2c=11 log2g=3 rate=0.0
log2c=-3 log2g=3 rate=0.0
log2c=9 log2g=3 rate=0.0
log2c=3 log2g=3 rate=0.0
log2c=15 log2g=3 rate=0.0
log2c=-5 log2g=3 rate=0.0
log2c=7 log2g=-7 rate=39.2189
log2c=7 log2g=-1 rate=26.1545
log2c=7 log2g=-13 rate=52.133
log2c=7 log2g=1 rate=7.01566
log2c=7 log2g=-11 rate=42.643
log2c=7 log2g=-5 rate=38.0821
log2c=7 log2g=-15 rate=51.4825
log2c=7 log2g=3 rate=0.0
log2c=5 log2g=-9 rate=39.7818
log2c=-1 log2g=-9 rate=40.3713
log2c=11 log2g=-9 rate=39.7753
log2c=-3 log2g=-9 rate=40.3713
log2c=9 log2g=-9 rate=39.7774
log2c=3 log2g=-9 rate=39.7818
log2c=15 log2g=-9 rate=42.117
log2c=-5 log2g=-9 rate=40.3713
log2c=7 log2g=-9 rate=39.7796
log2c=1 log2g=-7 rate=39.2231
log2c=1 log2g=-1 rate=26.1558
log2c=1 log2g=-13 rate=49.1995
log2c=1 log2g=1 rate=7.01566
log2c=1 log2g=-11 rate=41.4854
log2c=1 log2g=-5 rate=36.7987
log2c=1 log2g=-15 rate=46.5132
log2c=1 log2g=3 rate=0.0
log2c=1 log2g=-9 rate=39.7796
log2c=5 log2g=-3 rate=34.1366
log2c=-1 log2g=-3 rate=34.1403
log2c=11 log2g=-3 rate=33.4143
log2c=-3 log2g=-3 rate=34.1385
log2c=9 log2g=-3 rate=33.4143
log2c=3 log2g=-3 rate=34.133
log2c=15 log2g=-3 rate=33.4143
log2c=-5 log2g=-3 rate=34.1385
log2c=7 log2g=-3 rate=33.4143
log2c=1 log2g=-3 rate=34.1366
log2c=13 log2g=-7 rate=39.8119
log2c=13 log2g=-1 rate=26.1545
log2c=13 log2g=-13 rate=49.8986
log2c=13 log2g=1 rate=7.01566
log2c=13 log2g=-11 rate=42.6615
log2c=13 log2g=-5 rate=38.695
log2c=13 log2g=-15 rate=52.9497
log2c=13 log2g=3 rate=0.0
log2c=13 log2g=-9 rate=39.7753
log2c=13 log2g=-3 rate=33.4143

best:
c = 512.0, g = 0.0001220703125, rate = 54.0786
