log2c=5 log2g=-7 rate=42.8701
log2c=-1 log2g=-7 rate=42.8681
log2c=5 log2g=-1 rate=33.0805
log2c=-1 log2g=-1 rate=33.0805
log2c=11 log2g=-7 rate=42.3401
log2c=11 log2g=-1 rate=33.0805
log2c=5 log2g=-13 rate=53.6467
log2c=-1 log2g=-13 rate=55.596
log2c=11 log2g=-13 rate=56.8769
log2c=-3 log2g=-7 rate=42.3421
log2c=-3 log2g=-1 rate=33.0805
log2c=-3 log2g=-13 rate=56.388
log2c=5 log2g=1 rate=11.7483
log2c=-1 log2g=1 rate=11.7483
log2c=11 log2g=1 rate=11.7483
log2c=-3 log2g=1 rate=11.7483
log2c=9 log2g=-7 rate=42.3401
log2c=9 log2g=-1 rate=33.0805
log2c=9 log2g=-13 rate=56.4218
log2c=9 log2g=1 rate=11.7483
log2c=5 log2g=-11 rate=39.4664
log2c=-1 log2g=-11 rate=42.2569
log2c=11 log2g=-11 rate=40.5057
log2c=-3 log2g=-11 rate=43.3045
log2c=9 log2g=-11 rate=41.5978
log2c=3 log2g=-7 rate=42.8701
log2c=3 log2g=-1 rate=33.0805
log2c=3 log2g=-13 rate=61.1365
log2c=3 log2g=1 rate=11.7483
log2c=3 log2g=-11 rate=37.7602
log2c=5 log2g=-5 rate=43.9812
log2c=-1 log2g=-5 rate=44.5021
log2c=11 log2g=-5 rate=43.9771
log2c=-3 log2g=-5 rate=44.5001
log2c=9 log2g=-5 rate=43.9812
log2c=3 log2g=-5 rate=43.9833
log2c=15 log2g=-7 rate=42.3401
log2c=15 log2g=-1 rate=33.0805
log2c=15 log2g=-13 rate=54.3233
log2c=15 log2g=1 rate=11.7483
log2c=15 log2g=-11 rate=41.0494
log2c=15 log2g=-5 rate=43.4607
log2c=5 log2g=-15 rate=42.2053
log2c=-1 log2g=-15 rate=46.3875
log2c=11 log2g=-15 rate=46.0667
log2c=-3 log2g=-15 rate=39.4405
log2c=9 log2g=-15 rate=49.3579
log2c=3 log2g=-15 rate=50.0817
log2c=15 log2g=-15 rate=42.5277
log2c=-5 log2g=-7 rate=41.8173
log2c=-5 log2g=-1 rate=33.0805
log2c=-5 log2g=-13 rate=59.0004
log2c=-5 log2g=1 rate=11.7483
log2c=-5 log2g=-11 rate=40.6528
log2c=-5 log2g=-5 rate=44.5001
log2c=-5 log2g=-15 rate=46.5217
log2c=5 log2g=3 rate=0.0
log2c=-1 log2g=3 rate=0.0
log2c=11 log2g=3 rate=0.0
log2c=-3 log2g=3 rate=0.0
log2c=9 log2g=3 rate=0.0
log2c=3 log2g=3 rate=0.0
log2c=15 log2g=3 rate=0.0
log2c=-5 log2g=3 rate=0.0
log2c=7 log2g=-7 rate=42.3441
log2c=7 log2g=-1 rate=33.0821
log2c=7 log2g=-13 rate=56.2002
log2c=7 log2g=1 rate=11.7483
log2c=7 log2g=-11 rate=42.1516
log2c=7 log2g=-5 rate=43.9812
log2c=7 log2g=-15 rate=46.359
log2c=7 log2g=3 rate=0.0
log2c=5 log2g=-9 rate=43.3208
log2c=-1 log2g=-9 rate=44.3548
log2c=11 log2g=-9 rate=43.3248
log2c=-3 log2g=-9 rate=43.3594
log2c=9 log2g=-9 rate=43.3248
log2c=3 log2g=-9 rate=43.3248
log2c=15 log2g=-9 rate=42.806
log2c=-5 log2g=-9 rate=43.8807
log2c=7 log2g=-9 rate=43.3228
log2c=1 log2g=-7 rate=42.8701
log2c=1 log2g=-1 rate=33.0805
log2c=1 log2g=-13 rate=61.4298
log2c=1 log2g=1 rate=11.7483
log2c=1 log2g=-11 rate=41.1792
log2c=1 log2g=-5 rate=44.5001
log2c=1 log2g=-15 rate=43.1837
log2c=1 log2g=3 rate=0.0
log2c=1 log2g=-9 rate=43.3228
log2c=5 log2g=-3 rate=39.245
log2c=-1 log2g=-3 rate=39.245
log2c=11 log2g=-3 rate=39.8088
log2c=-3 log2g=-3 rate=39.2432
log2c=9 log2g=-3 rate=39.8106
log2c=3 log2g=-3 rate=39.245
log2c=15 log2g=-3 rate=39.8069
log2c=-5 log2g=-3 rate=39.8143
log2c=7 log2g=-3 rate=39.2414
log2c=1 log2g=-3 rate=39.245
log2c=13 log2g=-7 rate=42.3401
log2c=13 log2g=-1 rate=33.0805
log2c=13 log2g=-13 rate=54.9254
log2c=13 log2g=1 rate=11.7483
log2c=13 log2g=-11 rate=42.6773
log2c=13 log2g=-5 rate=43.9771
log2c=13 log2g=-15 rate=42.3327
log2c=13 log2g=3 rate=0.0
log2c=13 log2g=-9 rate=42.806
log2c=13 log2g=-3 rate=39.8069

best: 
c = 2.0, g = 0.0001220703125, rate = 61.4298
