log2c=5 log2g=-7 rate=46.7781
log2c=-1 log2g=-7 rate=46.8132
log2c=5 log2g=-1 rate=23.2725
log2c=-1 log2g=-1 rate=23.2808
log2c=11 log2g=-7 rate=45.9918
log2c=11 log2g=-1 rate=23.2725
log2c=5 log2g=-13 rate=56.3422
log2c=-1 log2g=-13 rate=55.4062
log2c=11 log2g=-13 rate=56.9736
log2c=-3 log2g=-7 rate=46.8541
log2c=-3 log2g=-1 rate=23.2808
log2c=-3 log2g=-13 rate=57.2277
log2c=5 log2g=1 rate=8.87054
log2c=-1 log2g=1 rate=8.87054
log2c=11 log2g=1 rate=8.87054
log2c=-3 log2g=1 rate=8.87054
log2c=9 log2g=-7 rate=46.3982
log2c=9 log2g=-1 rate=23.2725
log2c=9 log2g=-13 rate=57.4747
log2c=9 log2g=1 rate=8.87054
log2c=5 log2g=-11 rate=45.6802
log2c=-1 log2g=-11 rate=45.8824
log2c=11 log2g=-11 rate=45.7033
log2c=-3 log2g=-11 rate=46.6551
log2c=9 log2g=-11 rate=46.0314
log2c=3 log2g=-7 rate=46.7839
log2c=3 log2g=-1 rate=23.2808
log2c=3 log2g=-13 rate=55.065
log2c=3 log2g=1 rate=8.87054
log2c=3 log2g=-11 rate=46.0665
log2c=5 log2g=-5 rate=47.7294
log2c=-1 log2g=-5 rate=47.7412
log2c=11 log2g=-5 rate=48.0949
log2c=-3 log2g=-5 rate=46.9824
log2c=9 log2g=-5 rate=47.3312
log2c=3 log2g=-5 rate=47.7294
log2c=15 log2g=-7 rate=46.7722
log2c=15 log2g=-1 rate=23.2725
log2c=15 log2g=-13 rate=57.2361
log2c=15 log2g=1 rate=8.87054
log2c=15 log2g=-11 rate=46.4375
log2c=15 log2g=-5 rate=48.1187
log2c=5 log2g=-15 rate=56.8712
log2c=-1 log2g=-15 rate=53.352
log2c=11 log2g=-15 rate=55.4247
log2c=-3 log2g=-15 rate=55.4176
log2c=9 log2g=-15 rate=57.7449
log2c=3 log2g=-15 rate=54.8359
log2c=15 log2g=-15 rate=54.3624
log2c=-5 log2g=-7 rate=46.8307
log2c=-5 log2g=-1 rate=23.2808
log2c=-5 log2g=-13 rate=55.277
log2c=-5 log2g=1 rate=8.87054
log2c=-5 log2g=-11 rate=45.8651
log2c=-5 log2g=-5 rate=47.0057
log2c=-5 log2g=-15 rate=52.0091
log2c=5 log2g=3 rate=0.0
log2c=-1 log2g=3 rate=0.0
log2c=11 log2g=3 rate=0.0
log2c=-3 log2g=3 rate=0.0
log2c=9 log2g=3 rate=0.0
log2c=3 log2g=3 rate=0.0
log2c=15 log2g=3 rate=0.0
log2c=-5 log2g=3 rate=0.0
log2c=7 log2g=-7 rate=46.3982
log2c=7 log2g=-1 rate=23.2725
log2c=7 log2g=-13 rate=56.5679
log2c=7 log2g=1 rate=8.87054
log2c=7 log2g=-11 rate=45.9495
log2c=7 log2g=-5 rate=47.7235
log2c=7 log2g=-15 rate=55.3175
log2c=7 log2g=3 rate=0.0
log2c=5 log2g=-9 rate=46.2705
log2c=-1 log2g=-9 rate=45.9285
log2c=11 log2g=-9 rate=47.0127
log2c=-3 log2g=-9 rate=46.2995
log2c=9 log2g=-9 rate=47.0127
log2c=3 log2g=-9 rate=46.2646
log2c=15 log2g=-9 rate=47.0423
log2c=-5 log2g=-9 rate=46.6961
log2c=7 log2g=-9 rate=47.0186
log2c=1 log2g=-7 rate=46.7956
log2c=1 log2g=-1 rate=23.2808
log2c=1 log2g=-13 rate=57.7172
log2c=1 log2g=1 rate=8.87054
log2c=1 log2g=-11 rate=45.7496
log2c=1 log2g=-5 rate=47.7294
log2c=1 log2g=-15 rate=53.4374
log2c=1 log2g=3 rate=0.0
log2c=1 log2g=-9 rate=46.3228
log2c=5 log2g=-3 rate=37.8732
log2c=-1 log2g=-3 rate=37.887
log2c=11 log2g=-3 rate=36.3343
log2c=-3 log2g=-3 rate=37.887
log2c=9 log2g=-3 rate=36.3299
log2c=3 log2g=-3 rate=37.887
log2c=15 log2g=-3 rate=36.3431
log2c=-5 log2g=-3 rate=37.887
log2c=7 log2g=-3 rate=36.3299
log2c=1 log2g=-3 rate=37.887
log2c=13 log2g=-7 rate=46.4156
log2c=13 log2g=-1 rate=23.2725
log2c=13 log2g=-13 rate=55.9276
log2c=13 log2g=1 rate=8.87054
log2c=13 log2g=-11 rate=46.8407
log2c=13 log2g=-5 rate=48.1187
log2c=13 log2g=-15 rate=52.3541
log2c=13 log2g=3 rate=0.0
log2c=13 log2g=-9 rate=47.0304
log2c=13 log2g=-3 rate=36.3431

best:
c = 512.0, g = 3.0517578125e-05, rate = 57.7449
