log2c=5 log2g=-7 rate=54.1886
log2c=-1 log2g=-7 rate=54.4585
log2c=5 log2g=-1 rate=42.2198
log2c=-1 log2g=-1 rate=41.5576
log2c=11 log2g=-7 rate=54.1959
log2c=11 log2g=-1 rate=42.5484
log2c=5 log2g=-13 rate=60.5401
log2c=-1 log2g=-13 rate=60.1111
log2c=11 log2g=-13 rate=63.3924
log2c=-3 log2g=-7 rate=53.9539
log2c=-3 log2g=-1 rate=41.5549
log2c=-3 log2g=-13 rate=61.1547
log2c=5 log2g=1 rate=17.6625
log2c=-1 log2g=1 rate=15.9783
log2c=11 log2g=1 rate=17.6625
log2c=-3 log2g=1 rate=15.9793
log2c=9 log2g=-7 rate=54.1886
log2c=9 log2g=-1 rate=42.5484
log2c=9 log2g=-13 rate=60.0552
log2c=9 log2g=1 rate=17.6625
log2c=5 log2g=-11 rate=58.28
log2c=-1 log2g=-11 rate=59.0829
log2c=11 log2g=-11 rate=59.7341
log2c=-3 log2g=-11 rate=59.3337
log2c=9 log2g=-11 rate=58.9364
log2c=3 log2g=-7 rate=54.185
log2c=3 log2g=-1 rate=42.2226
log2c=3 log2g=-13 rate=60.145
log2c=3 log2g=1 rate=17.6625
log2c=3 log2g=-11 rate=58.2474
log2c=5 log2g=-5 rate=54.4563
log2c=-1 log2g=-5 rate=54.6983
log2c=11 log2g=-5 rate=54.4383
log2c=-3 log2g=-5 rate=54.9755
log2c=9 log2g=-5 rate=54.188
log2c=3 log2g=-5 rate=54.4455
log2c=15 log2g=-7 rate=54.2067
log2c=15 log2g=-1 rate=42.5456
log2c=15 log2g=-13 rate=61.9183
log2c=15 log2g=1 rate=17.6625
log2c=15 log2g=-11 rate=58.8021
log2c=15 log2g=-5 rate=53.9222
log2c=5 log2g=-15 rate=54.5223
log2c=-1 log2g=-15 rate=57.2343
log2c=11 log2g=-15 rate=58.9391
log2c=-3 log2g=-15 rate=51.7609
log2c=9 log2g=-15 rate=57.0529
log2c=3 log2g=-15 rate=53.1881
log2c=15 log2g=-15 rate=57.8269
log2c=-5 log2g=-7 rate=54.1922
log2c=-5 log2g=-1 rate=41.5576
log2c=-5 log2g=-13 rate=51.8719
log2c=-5 log2g=1 rate=15.9793
log2c=-5 log2g=-11 rate=58.0964
log2c=-5 log2g=-5 rate=54.9682
log2c=-5 log2g=-15 rate=58.0133
log2c=5 log2g=3 rate=0.0
log2c=-1 log2g=3 rate=0.0
log2c=11 log2g=3 rate=0.0
log2c=-3 log2g=3 rate=0.0
log2c=9 log2g=3 rate=0.0
log2c=3 log2g=3 rate=0.0
log2c=15 log2g=3 rate=0.0
log2c=-5 log2g=3 rate=0.0
log2c=7 log2g=-7 rate=54.185
log2c=7 log2g=-1 rate=42.5484
log2c=7 log2g=-13 rate=62.6008
log2c=7 log2g=1 rate=17.6625
log2c=7 log2g=-11 rate=59.032
log2c=7 log2g=-5 rate=54.4527
log2c=7 log2g=-15 rate=57.4089
log2c=7 log2g=3 rate=0.0
log2c=5 log2g=-9 rate=54.3382
log2c=-1 log2g=-9 rate=53.0068
log2c=11 log2g=-9 rate=54.8115
log2c=-3 log2g=-9 rate=52.2405
log2c=9 log2g=-9 rate=54.8115
log2c=3 log2g=-9 rate=54.0506
log2c=15 log2g=-9 rate=54.8152
log2c=-5 log2g=-9 rate=52.4924
log2c=7 log2g=-9 rate=54.8115
log2c=1 log2g=-7 rate=54.4512
log2c=1 log2g=-1 rate=42.5567
log2c=1 log2g=-13 rate=58.9716
log2c=1 log2g=1 rate=15.9783
log2c=1 log2g=-11 rate=58.8678
log2c=1 log2g=-5 rate=54.6983
log2c=1 log2g=-15 rate=54.3369
log2c=1 log2g=3 rate=0.0
log2c=1 log2g=-9 rate=53.502
log2c=5 log2g=-3 rate=49.7512
log2c=-1 log2g=-3 rate=50.2812
log2c=11 log2g=-3 rate=48.8829
log2c=-3 log2g=-3 rate=50.2812
log2c=9 log2g=-3 rate=48.8829
log2c=3 log2g=-3 rate=50.2977
log2c=15 log2g=-3 rate=48.8829
log2c=-5 log2g=-3 rate=50.2812
log2c=7 log2g=-3 rate=49.4546
log2c=1 log2g=-3 rate=50.5603
log2c=13 log2g=-7 rate=53.7179
log2c=13 log2g=-1 rate=42.5484
log2c=13 log2g=-13 rate=62.3397
log2c=13 log2g=1 rate=17.6625
log2c=13 log2g=-11 rate=59.3028
log2c=13 log2g=-5 rate=53.9258
log2c=13 log2g=-15 rate=53.1755
log2c=13 log2g=3 rate=0.0
log2c=13 log2g=-9 rate=54.8078
log2c=13 log2g=-3 rate=48.8829

best:
c = 2048.0, g = 0.0001220703125, rate = 63.3924
