log2c=5 log2g=-7 rate=50.1778
log2c=-1 log2g=-7 rate=51.4054
log2c=5 log2g=-1 rate=29.6324
log2c=-1 log2g=-1 rate=29.6324
log2c=11 log2g=-7 rate=49.9011
log2c=11 log2g=-1 rate=30.0617
log2c=5 log2g=-13 rate=57.7825
log2c=-1 log2g=-13 rate=54.1914
log2c=11 log2g=-13 rate=54.8914
log2c=-3 log2g=-7 rate=51.4054
log2c=-3 log2g=-1 rate=29.6324
log2c=-3 log2g=-13 rate=54.7607
log2c=5 log2g=1 rate=12.5421
log2c=-1 log2g=1 rate=12.5421
log2c=11 log2g=1 rate=12.54
log2c=-3 log2g=1 rate=12.5421
log2c=9 log2g=-7 rate=49.9011
log2c=9 log2g=-1 rate=30.0666
log2c=9 log2g=-13 rate=55.3183
log2c=9 log2g=1 rate=12.54
log2c=5 log2g=-11 rate=55.2819
log2c=-1 log2g=-11 rate=55.7896
log2c=11 log2g=-11 rate=53.8765
log2c=-3 log2g=-11 rate=54.4202
log2c=9 log2g=-11 rate=55.0157
log2c=3 log2g=-7 rate=50.9135
log2c=3 log2g=-1 rate=29.6308
log2c=3 log2g=-13 rate=54.9757
log2c=3 log2g=1 rate=12.5421
log2c=3 log2g=-11 rate=54.8084
log2c=5 log2g=-5 rate=46.3392
log2c=-1 log2g=-5 rate=46.5876
log2c=11 log2g=-5 rate=46.3444
log2c=-3 log2g=-5 rate=46.5902
log2c=9 log2g=-5 rate=46.3418
log2c=3 log2g=-5 rate=46.3392
log2c=15 log2g=-7 rate=49.9095
log2c=15 log2g=-1 rate=30.0633
log2c=15 log2g=-13 rate=57.4135
log2c=15 log2g=1 rate=12.54
log2c=15 log2g=-11 rate=54.7711
log2c=15 log2g=-5 rate=46.3598
log2c=5 log2g=-15 rate=51.0774
log2c=-1 log2g=-15 rate=50.065
log2c=11 log2g=-15 rate=50.1062
log2c=-3 log2g=-15 rate=54.1091
log2c=9 log2g=-15 rate=56.4593
log2c=3 log2g=-15 rate=51.3302
log2c=15 log2g=-15 rate=53.7377
log2c=-5 log2g=-7 rate=51.3997
log2c=-5 log2g=-1 rate=29.6356
log2c=-5 log2g=-13 rate=55.4146
log2c=-5 log2g=1 rate=12.5421
log2c=-5 log2g=-11 rate=55.6659
log2c=-5 log2g=-5 rate=46.8603
log2c=-5 log2g=-15 rate=49.248
log2c=5 log2g=3 rate=0.0
log2c=-1 log2g=3 rate=0.0
log2c=11 log2g=3 rate=0.0
log2c=-3 log2g=3 rate=0.0
log2c=9 log2g=3 rate=0.0
log2c=3 log2g=3 rate=0.0
log2c=15 log2g=3 rate=0.0
log2c=-5 log2g=3 rate=0.0
log2c=7 log2g=-7 rate=49.9011
log2c=7 log2g=-1 rate=29.6324
log2c=7 log2g=-13 rate=55.4261
log2c=7 log2g=1 rate=12.5421
log2c=7 log2g=-11 rate=54.9844
log2c=7 log2g=-5 rate=46.3392
log2c=7 log2g=-15 rate=52.5613
log2c=7 log2g=3 rate=0.0
log2c=5 log2g=-9 rate=53.0378
log2c=-1 log2g=-9 rate=53.014
log2c=11 log2g=-9 rate=52.5916
log2c=-3 log2g=-9 rate=53.4613
log2c=9 log2g=-9 rate=52.5621
log2c=3 log2g=-9 rate=52.8005
log2c=15 log2g=-9 rate=52.568
log2c=-5 log2g=-9 rate=53.2263
log2c=7 log2g=-9 rate=52.8123
log2c=1 log2g=-7 rate=50.9164
log2c=1 log2g=-1 rate=29.6324
log2c=1 log2g=-13 rate=55.6335
log2c=1 log2g=1 rate=12.5421
log2c=1 log2g=-11 rate=54.3566
log2c=1 log2g=-5 rate=46.6006
log2c=1 log2g=-15 rate=53.5363
log2c=1 log2g=3 rate=0.0
log2c=1 log2g=-9 rate=52.5651
log2c=5 log2g=-3 rate=41.4177
log2c=-1 log2g=-3 rate=41.4154
log2c=11 log2g=-3 rate=41.7141
log2c=-3 log2g=-3 rate=41.4222
log2c=9 log2g=-3 rate=41.4108
log2c=3 log2g=-3 rate=41.4177
log2c=15 log2g=-3 rate=41.7095
log2c=-5 log2g=-3 rate=41.1097
log2c=7 log2g=-3 rate=41.4154
log2c=1 log2g=-3 rate=41.4177
log2c=13 log2g=-7 rate=49.9039
log2c=13 log2g=-1 rate=30.0633
log2c=13 log2g=-13 rate=56.1414
log2c=13 log2g=1 rate=12.54
log2c=13 log2g=-11 rate=54.3227
log2c=13 log2g=-5 rate=46.6214
log2c=13 log2g=-15 rate=50.8956
log2c=13 log2g=3 rate=0.0
log2c=13 log2g=-9 rate=52.5651
log2c=13 log2g=-3 rate=41.7164

best:
c = 32.0, g = 0.0001220703125, rate = 57.7825
