log2c=5 log2g=-7 rate=46.4205
log2c=-1 log2g=-7 rate=46.4345
log2c=5 log2g=-1 rate=38.3502
log2c=-1 log2g=-1 rate=38.3577
log2c=11 log2g=-7 rate=46.1507
log2c=11 log2g=-1 rate=39.3276
log2c=5 log2g=-13 rate=54.0527
log2c=-1 log2g=-13 rate=56.0323
log2c=11 log2g=-13 rate=52.0173
log2c=-3 log2g=-7 rate=46.9629
log2c=-3 log2g=-1 rate=38.3558
log2c=-3 log2g=-13 rate=57.4195
log2c=5 log2g=1 rate=20.2724
log2c=-1 log2g=1 rate=20.2714
log2c=11 log2g=1 rate=20.2743
log2c=-3 log2g=1 rate=20.2704
log2c=9 log2g=-7 rate=46.153
log2c=9 log2g=-1 rate=39.3295
log2c=9 log2g=-13 rate=53.331
log2c=9 log2g=1 rate=20.2743
log2c=5 log2g=-11 rate=54.1294
log2c=-1 log2g=-11 rate=53.6117
log2c=11 log2g=-11 rate=55.6506
log2c=-3 log2g=-11 rate=55.2089
log2c=9 log2g=-11 rate=55.8373
log2c=3 log2g=-7 rate=46.4345
log2c=3 log2g=-1 rate=38.3558
log2c=3 log2g=-13 rate=52.3912
log2c=3 log2g=1 rate=20.2734
log2c=3 log2g=-11 rate=53.085
log2c=5 log2g=-5 rate=44.0794
log2c=-1 log2g=-5 rate=44.0641
log2c=11 log2g=-5 rate=44.0816
log2c=-3 log2g=-5 rate=44.0597
log2c=9 log2g=-5 rate=44.0816
log2c=3 log2g=-5 rate=44.0794
log2c=15 log2g=-7 rate=45.8862
log2c=15 log2g=-1 rate=39.3276
log2c=15 log2g=-13 rate=53.8342
log2c=15 log2g=1 rate=20.2743
log2c=15 log2g=-11 rate=57.9552
log2c=15 log2g=-5 rate=42.3481
log2c=5 log2g=-15 rate=50.0778
log2c=-1 log2g=-15 rate=55.8442
log2c=11 log2g=-15 rate=57.8261
log2c=-3 log2g=-15 rate=53.4423
log2c=9 log2g=-15 rate=50.0096
log2c=3 log2g=-15 rate=49.7941
log2c=15 log2g=-15 rate=47.3466
log2c=-5 log2g=-7 rate=45.6223
log2c=-5 log2g=-1 rate=38.3558
log2c=-5 log2g=-13 rate=48.2906
log2c=-5 log2g=1 rate=20.2704
log2c=-5 log2g=-11 rate=54.0076
log2c=-5 log2g=-5 rate=44.9191
log2c=-5 log2g=-15 rate=46.0079
log2c=5 log2g=3 rate=7.19609
log2c=-1 log2g=3 rate=7.19609
log2c=11 log2g=3 rate=7.19609
log2c=-3 log2g=3 rate=7.19609
log2c=9 log2g=3 rate=7.19609
log2c=3 log2g=3 rate=7.19609
log2c=15 log2g=3 rate=7.19609
log2c=-5 log2g=3 rate=7.19609
log2c=7 log2g=-7 rate=46.153
log2c=7 log2g=-1 rate=39.0039
log2c=7 log2g=-13 rate=54.4952
log2c=7 log2g=1 rate=20.2734
log2c=7 log2g=-11 rate=55.4569
log2c=7 log2g=-5 rate=44.0816
log2c=7 log2g=-15 rate=56.5849
log2c=7 log2g=3 rate=7.19609
log2c=5 log2g=-9 rate=48.6499
log2c=-1 log2g=-9 rate=49.4191
log2c=11 log2g=-9 rate=47.874
log2c=-3 log2g=-9 rate=49.1615
log2c=9 log2g=-9 rate=48.1307
log2c=3 log2g=-9 rate=49.154
log2c=15 log2g=-9 rate=47.8789
log2c=-5 log2g=-9 rate=49.1689
log2c=7 log2g=-9 rate=48.3885
log2c=1 log2g=-7 rate=46.4392
log2c=1 log2g=-1 rate=38.3577
log2c=1 log2g=-13 rate=60.1481
log2c=1 log2g=1 rate=20.2714
log2c=1 log2g=-11 rate=55.8773
log2c=1 log2g=-5 rate=44.0707
log2c=1 log2g=-15 rate=50.6654
log2c=1 log2g=3 rate=7.19609
log2c=1 log2g=-9 rate=47.9416
log2c=5 log2g=-3 rate=42.0008
log2c=-1 log2g=-3 rate=42.005
log2c=11 log2g=-3 rate=42.5777
log2c=-3 log2g=-3 rate=42.005
log2c=9 log2g=-3 rate=42.5882
log2c=3 log2g=-3 rate=42.0008
log2c=15 log2g=-3 rate=42.2914
log2c=-5 log2g=-3 rate=42.2998
log2c=7 log2g=-3 rate=42.2977
log2c=1 log2g=-3 rate=42.0029
log2c=13 log2g=-7 rate=46.1553
log2c=13 log2g=-1 rate=39.3276
log2c=13 log2g=-13 rate=54.668
log2c=13 log2g=1 rate=20.2743
log2c=13 log2g=-11 rate=55.0643
log2c=13 log2g=-5 rate=43.5237
log2c=13 log2g=-15 rate=52.6203
log2c=13 log2g=3 rate=7.19609
log2c=13 log2g=-9 rate=47.874
log2c=13 log2g=-3 rate=42.281

best:
c = 2.0, g = 0.0001220703125, rate = 60.1481
